Determining if the pthread_create exist failed with the following output:
Change Dir: /home/codegig/biswa_SFND/SFND_Lidar_Obstacle_Detection/SFND_Lidar_Obstacle_Detection/src/quiz/cluster/build/CMakeFiles/CMakeTmp

Run Build Command:"/usr/bin/make" "cmTC_b811e/fast"
/usr/bin/make -f CMakeFiles/cmTC_b811e.dir/build.make CMakeFiles/cmTC_b811e.dir/build
make[1]: Entering directory '/home/codegig/biswa_SFND/SFND_Lidar_Obstacle_Detection/SFND_Lidar_Obstacle_Detection/src/quiz/cluster/build/CMakeFiles/CMakeTmp'
Building C object CMakeFiles/cmTC_b811e.dir/CheckSymbolExists.c.o
/usr/bin/cc    -o CMakeFiles/cmTC_b811e.dir/CheckSymbolExists.c.o   -c /home/codegig/biswa_SFND/SFND_Lidar_Obstacle_Detection/SFND_Lidar_Obstacle_Detection/src/quiz/cluster/build/CMakeFiles/CMakeTmp/CheckSymbolExists.c
Linking C executable cmTC_b811e
/usr/bin/cmake -E cmake_link_script CMakeFiles/cmTC_b811e.dir/link.txt --verbose=1
/usr/bin/cc      -rdynamic CMakeFiles/cmTC_b811e.dir/CheckSymbolExists.c.o  -o cmTC_b811e 
CMakeFiles/cmTC_b811e.dir/CheckSymbolExists.c.o: In function `main':
CheckSymbolExists.c:(.text+0x1b): undefined reference to `pthread_create'
collect2: error: ld returned 1 exit status
CMakeFiles/cmTC_b811e.dir/build.make:97: recipe for target 'cmTC_b811e' failed
make[1]: *** [cmTC_b811e] Error 1
make[1]: Leaving directory '/home/codegig/biswa_SFND/SFND_Lidar_Obstacle_Detection/SFND_Lidar_Obstacle_Detection/src/quiz/cluster/build/CMakeFiles/CMakeTmp'
Makefile:126: recipe for target 'cmTC_b811e/fast' failed
make: *** [cmTC_b811e/fast] Error 2

File /home/codegig/biswa_SFND/SFND_Lidar_Obstacle_Detection/SFND_Lidar_Obstacle_Detection/src/quiz/cluster/build/CMakeFiles/CMakeTmp/CheckSymbolExists.c:
/* */
#include <pthread.h>

int main(int argc, char** argv)
{
  (void)argv;
#ifndef pthread_create
  return ((int*)(&pthread_create))[argc];
#else
  (void)argc;
  return 0;
#endif
}

Determining if the function pthread_create exists in the pthreads failed with the following output:
Change Dir: /home/codegig/biswa_SFND/SFND_Lidar_Obstacle_Detection/SFND_Lidar_Obstacle_Detection/src/quiz/cluster/build/CMakeFiles/CMakeTmp

Run Build Command:"/usr/bin/make" "cmTC_42600/fast"
/usr/bin/make -f CMakeFiles/cmTC_42600.dir/build.make CMakeFiles/cmTC_42600.dir/build
make[1]: Entering directory '/home/codegig/biswa_SFND/SFND_Lidar_Obstacle_Detection/SFND_Lidar_Obstacle_Detection/src/quiz/cluster/build/CMakeFiles/CMakeTmp'
Building C object CMakeFiles/cmTC_42600.dir/CheckFunctionExists.c.o
/usr/bin/cc   -DCHECK_FUNCTION_EXISTS=pthread_create   -o CMakeFiles/cmTC_42600.dir/CheckFunctionExists.c.o   -c /usr/share/cmake-3.10/Modules/CheckFunctionExists.c
Linking C executable cmTC_42600
/usr/bin/cmake -E cmake_link_script CMakeFiles/cmTC_42600.dir/link.txt --verbose=1
/usr/bin/cc  -DCHECK_FUNCTION_EXISTS=pthread_create    -rdynamic CMakeFiles/cmTC_42600.dir/CheckFunctionExists.c.o  -o cmTC_42600 -lpthreads 
/usr/bin/ld: cannot find -lpthreads
collect2: error: ld returned 1 exit status
CMakeFiles/cmTC_42600.dir/build.make:97: recipe for target 'cmTC_42600' failed
make[1]: *** [cmTC_42600] Error 1
make[1]: Leaving directory '/home/codegig/biswa_SFND/SFND_Lidar_Obstacle_Detection/SFND_Lidar_Obstacle_Detection/src/quiz/cluster/build/CMakeFiles/CMakeTmp'
Makefile:126: recipe for target 'cmTC_42600/fast' failed
make: *** [cmTC_42600/fast] Error 2


